<?xml version="1.0" encoding="UTF-8"?>
<testsuite name="dev.infraspec.Controllers.ValidRequestHandlerTest" tests="3" skipped="0" failures="0" errors="0" timestamp="2024-02-17T09:30:09" hostname="initFox" time="0.011">
  <properties/>
  <testcase name="Send Response Message" classname="dev.infraspec.Controllers.ValidRequestHandlerTest" time="0.004"/>
  <testcase name="Set the Headers" classname="dev.infraspec.Controllers.ValidRequestHandlerTest" time="0.002"/>
  <testcase name="Closes The Http connection" classname="dev.infraspec.Controllers.ValidRequestHandlerTest" time="0.003"/>
  <system-out><![CDATA[]]></system-out>
  <system-err><![CDATA[]]></system-err>
</testsuite>
