<?xml version="1.0" encoding="UTF-8"?>
<testsuite name="dev.infraspec.LibraryTest" tests="2" skipped="0" failures="0" errors="0" timestamp="2024-02-17T09:30:09" hostname="initFox" time="0.027">
  <properties/>
  <testcase name="Display Welcome Message" classname="dev.infraspec.LibraryTest" time="0.025"/>
  <testcase name="Display menu to user" classname="dev.infraspec.LibraryTest" time="0.001"/>
  <system-out><![CDATA[]]></system-out>
  <system-err><![CDATA[]]></system-err>
</testsuite>
