<?xml version="1.0" encoding="UTF-8"?>
<testsuite name="dev.infraspec.HelloWorldServerTest" tests="1" skipped="0" failures="0" errors="0" timestamp="2024-02-17T00:10:16" hostname="initFox" time="0.067">
  <properties/>
  <testcase name="testHelloWorldEndpoint()" classname="dev.infraspec.HelloWorldServerTest" time="0.067"/>
  <system-out><![CDATA[OK
********
]]></system-out>
  <system-err><![CDATA[]]></system-err>
</testsuite>
