<?xml version="1.0" encoding="UTF-8"?>
<testsuite name="dev.infraspec.Controllers.BookByIdHandlerTest" tests="5" skipped="0" failures="0" errors="0" timestamp="2024-02-17T09:30:09" hostname="initFox" time="0.166">
  <properties/>
  <testcase name="Sends Page not found for no Parameter provided" classname="dev.infraspec.Controllers.BookByIdHandlerTest" time="0.052"/>
  <testcase name="sends Page not found for invalid Book id" classname="dev.infraspec.Controllers.BookByIdHandlerTest" time="0.003"/>
  <testcase name="sends Page not found for invalid format of Parameter" classname="dev.infraspec.Controllers.BookByIdHandlerTest" time="0.003"/>
  <testcase name="Sends Page not found for invalid Request Method" classname="dev.infraspec.Controllers.BookByIdHandlerTest" time="0.002"/>
  <testcase name="sends Book for valid Book id" classname="dev.infraspec.Controllers.BookByIdHandlerTest" time="0.105"/>
  <system-out><![CDATA[]]></system-out>
  <system-err><![CDATA[]]></system-err>
</testsuite>
