<?xml version="1.0" encoding="UTF-8"?>
<testsuite name="dev.infraspec.InputOutputTest" tests="3" skipped="0" failures="0" errors="0" timestamp="2024-02-17T09:30:09" hostname="initFox" time="0.008">
  <properties/>
  <testcase name="Doesn't print if null is provided" classname="dev.infraspec.InputOutputTest" time="0.001"/>
  <testcase name="Print valid message" classname="dev.infraspec.InputOutputTest" time="0.002"/>
  <testcase name="Get the input from stream" classname="dev.infraspec.InputOutputTest" time="0.003"/>
  <system-out><![CDATA[]]></system-out>
  <system-err><![CDATA[]]></system-err>
</testsuite>
