<?xml version="1.0" encoding="UTF-8"?>
<testsuite name="Book Test" tests="2" skipped="0" failures="0" errors="0" timestamp="2024-02-17T09:30:09" hostname="initFox" time="0.002">
  <properties/>
  <testcase name="Check Book Id" classname="dev.infraspec.BookTest" time="0.0"/>
  <testcase name="Book toString method Override" classname="dev.infraspec.BookTest" time="0.001"/>
  <system-out><![CDATA[]]></system-out>
  <system-err><![CDATA[]]></system-err>
</testsuite>
