<?xml version="1.0" encoding="UTF-8"?>
<testsuite name="dev.infraspec.BookRepositoryTest" tests="7" skipped="0" failures="0" errors="0" timestamp="2024-02-17T09:30:09" hostname="initFox" time="0.238">
  <properties/>
  <testcase name="Default Repository is not null" classname="dev.infraspec.BookRepositoryTest" time="0.01"/>
  <testcase name="Return Book" classname="dev.infraspec.BookRepositoryTest" time="0.215"/>
  <testcase name="Successful Checkout" classname="dev.infraspec.BookRepositoryTest" time="0.002"/>
  <testcase name="Returns Optional.book for valid book" classname="dev.infraspec.BookRepositoryTest" time="0.001"/>
  <testcase name="Returns Optional.empty for invalid book" classname="dev.infraspec.BookRepositoryTest" time="0.001"/>
  <testcase name="Unsuccessful Checkout" classname="dev.infraspec.BookRepositoryTest" time="0.002"/>
  <testcase name="Return Book" classname="dev.infraspec.BookRepositoryTest" time="0.001"/>
  <system-out><![CDATA[]]></system-out>
  <system-err><![CDATA[]]></system-err>
</testsuite>
