<?xml version="1.0" encoding="UTF-8"?>
<testsuite name="dev.infraspec.Controllers.GETListBooksHandlerTest" tests="4" skipped="0" failures="0" errors="0" timestamp="2024-02-17T09:30:09" hostname="initFox" time="0.015">
  <properties/>
  <testcase name="Closes the Http connection" classname="dev.infraspec.Controllers.GETListBooksHandlerTest" time="0.004"/>
  <testcase name="Sets the Headers of the Response" classname="dev.infraspec.Controllers.GETListBooksHandlerTest" time="0.002"/>
  <testcase name="Returns JSON form of Books" classname="dev.infraspec.Controllers.GETListBooksHandlerTest" time="0.004"/>
  <testcase name="Sets the Headers of the Response" classname="dev.infraspec.Controllers.GETListBooksHandlerTest" time="0.003"/>
  <system-out><![CDATA[]]></system-out>
  <system-err><![CDATA[]]></system-err>
</testsuite>
