<?xml version="1.0" encoding="UTF-8"?>
<testsuite name="dev.infraspec.commands.ReturnBookTest" tests="2" skipped="0" failures="0" errors="0" timestamp="2024-02-17T09:30:09" hostname="initFox" time="0.005">
  <properties/>
  <testcase name="Print List of Books" classname="dev.infraspec.commands.ReturnBookTest" time="0.003"/>
  <testcase name="Print Error when null is provided" classname="dev.infraspec.commands.ReturnBookTest" time="0.001"/>
  <system-out><![CDATA[]]></system-out>
  <system-err><![CDATA[]]></system-err>
</testsuite>
